<?xml version="1.0" encoding="UTF-8"?>
<!-- Generated by org.testng.reporters.JUnitReportReporter -->
<testsuite hostname="DESKTOP-0O87H1S" failures="0" tests="1" name="com.bd.TestNG" time="0.008" errors="0" timestamp="2024-02-14T17:24:18 BDT" skipped="0">
  <testcase classname="com.bd.TestNG" name="test" time="0.008"/>
</testsuite> <!-- com.bd.TestNG -->
