<?xml version="1.0" encoding="UTF-8"?>
<!-- Generated by org.testng.reporters.JUnitReportReporter -->
<testsuite hostname="DESKTOP-0O87H1S" failures="0" tests="3" name="com.bd.WebAutomation" time="133.361" errors="0" timestamp="2024-04-01T14:48:16 BDT" skipped="0">
  <testcase classname="com.bd.WebAutomation" name="openUrl" time="4.805"/>
  <system-out/>
  <testcase classname="com.bd.WebAutomation" name="token" time="2.893"/>
  <system-out/>
  <testcase classname="com.bd.WebAutomation" name="testLocators" time="125.663"/>
  <system-out/>
</testsuite> <!-- com.bd.WebAutomation -->
