<?xml version="1.0" encoding="UTF-8"?>
<!-- Generated by org.testng.reporters.JUnitReportReporter -->
<testsuite hostname="DESKTOP-0O87H1S" failures="0" tests="1" name="com.bd.UserAPITests" time="0.583" errors="0" timestamp="2024-02-22T19:19:26 BDT" skipped="0">
  <testcase classname="com.bd.UserAPITests" name="testData" time="0.583"/>
</testsuite> <!-- com.bd.UserAPITests -->
