<?xml version="1.0" encoding="UTF-8"?>
<!-- Generated by org.testng.reporters.JUnitReportReporter -->
<testsuite hostname="DESKTOP-0O87H1S" failures="0" tests="2" name="com.bd.Locators" time="27.739" errors="0" timestamp="2024-02-14T18:02:26 BDT" skipped="0">
  <testcase classname="com.bd.Locators" name="openUrl" time="7.260"/>
  <testcase classname="com.bd.Locators" name="testLocators" time="20.479"/>
</testsuite> <!-- com.bd.Locators -->
